<?xml version="1.0" encoding="UTF-8"?>
<!-- Generated by org.testng.reporters.JUnitReportReporter -->
<testsuite hostname="MEGHANA-DT32" failures="0" tests="6" name="testcases.Airbnbtestcases" time="58.705" errors="0" timestamp="2020-12-12T17:59:56 IST" skipped="0">
  <testcase classname="testcases.Airbnbtestcases" name="testcase1" time="8.914"/>
  <system-out/>
  <testcase classname="testcases.Airbnbtestcases" name="testcase2" time="4.049"/>
  <system-out/>
  <testcase classname="testcases.Airbnbtestcases" name="testcase3" time="3.865"/>
  <system-out/>
  <testcase classname="testcases.Airbnbtestcases" name="testcase4" time="18.296"/>
  <system-out/>
  <testcase classname="testcases.Airbnbtestcases" name="testcase5" time="14.903"/>
  <system-out/>
  <testcase classname="testcases.Airbnbtestcases" name="testcase6" time="8.678"/>
  <system-out/>
</testsuite> <!-- testcases.Airbnbtestcases -->
